This is pdfTeX, Version 3.141592653-2.6-1.40.26 (TeX Live 2024/Arch Linux) (preloaded format=pdflatex 2024.5.27)  28 MAY 2024 18:40
entering extended mode
 restricted \write18 enabled.
 file:line:error style messages enabled.
 %&-line parsing enabled.
**problemset_iterativeapproach.tex
(./problemset_iterativeapproach.tex
LaTeX2e <2023-11-01> patch level 1
L3 programming layer <2024-02-20>
(/usr/share/texmf-dist/tex/latex/base/article.cls
Document Class: article 2023/05/17 v1.4n Standard LaTeX document class
(/usr/share/texmf-dist/tex/latex/base/size10.clo
File: size10.clo 2023/05/17 v1.4n Standard LaTeX file (size option)
)
\c@part=\count188
\c@section=\count189
\c@subsection=\count190
\c@subsubsection=\count191
\c@paragraph=\count192
\c@subparagraph=\count193
\c@figure=\count194
\c@table=\count195
\abovecaptionskip=\skip48
\belowcaptionskip=\skip49
\bibindent=\dimen140
) (/usr/share/texmf-dist/tex/latex/amsfonts/amsfonts.sty
Package: amsfonts 2013/01/14 v3.01 Basic AMSFonts support
\@emptytoks=\toks17
\symAMSa=\mathgroup4
\symAMSb=\mathgroup5
LaTeX Font Info:    Redeclaring math symbol \hbar on input line 98.
LaTeX Font Info:    Overwriting math alphabet `\mathfrak' in version `bold'
(Font)                  U/euf/m/n --> U/euf/b/n on input line 106.
) (/usr/share/texmf-dist/tex/latex/geometry/geometry.sty
Package: geometry 2020/01/02 v5.9 Page Geometry
 (/usr/share/texmf-dist/tex/latex/graphics/keyval.sty
Package: keyval 2022/05/29 v1.15 key=value parser (DPC)
\KV@toks@=\toks18
) (/usr/share/texmf-dist/tex/generic/iftex/ifvtex.sty
Package: ifvtex 2019/10/25 v1.7 ifvtex legacy package. Use iftex instead.
 (/usr/share/texmf-dist/tex/generic/iftex/iftex.sty
Package: iftex 2022/02/03 v1.0f TeX engine tests
))
\Gm@cnth=\count196
\Gm@cntv=\count197
\c@Gm@tempcnt=\count198
\Gm@bindingoffset=\dimen141
\Gm@wd@mp=\dimen142
\Gm@odd@mp=\dimen143
\Gm@even@mp=\dimen144
\Gm@layoutwidth=\dimen145
\Gm@layoutheight=\dimen146
\Gm@layouthoffset=\dimen147
\Gm@layoutvoffset=\dimen148
\Gm@dimlist=\toks19
) (/usr/share/texmf-dist/tex/latex/commath/commath.sty (/usr/share/texmf-dist/tex/latex/base/ifthen.sty
Package: ifthen 2022/04/13 v1.1d Standard LaTeX ifthen package (DPC)
) (/usr/share/texmf-dist/tex/latex/amsmath/amsmath.sty
Package: amsmath 2023/05/13 v2.17o AMS math features
\@mathmargin=\skip50

For additional information on amsmath, use the `?' option.
(/usr/share/texmf-dist/tex/latex/amsmath/amstext.sty
Package: amstext 2021/08/26 v2.01 AMS text
 (/usr/share/texmf-dist/tex/latex/amsmath/amsgen.sty
File: amsgen.sty 1999/11/30 v2.0 generic functions
\@emptytoks=\toks20
\ex@=\dimen149
)) (/usr/share/texmf-dist/tex/latex/amsmath/amsbsy.sty
Package: amsbsy 1999/11/29 v1.2d Bold Symbols
\pmbraise@=\dimen150
) (/usr/share/texmf-dist/tex/latex/amsmath/amsopn.sty
Package: amsopn 2022/04/08 v2.04 operator names
)
\inf@bad=\count199
LaTeX Info: Redefining \frac on input line 234.
\uproot@=\count266
\leftroot@=\count267
LaTeX Info: Redefining \overline on input line 399.
LaTeX Info: Redefining \colon on input line 410.
\classnum@=\count268
\DOTSCASE@=\count269
LaTeX Info: Redefining \ldots on input line 496.
LaTeX Info: Redefining \dots on input line 499.
LaTeX Info: Redefining \cdots on input line 620.
\Mathstrutbox@=\box51
\strutbox@=\box52
LaTeX Info: Redefining \big on input line 722.
LaTeX Info: Redefining \Big on input line 723.
LaTeX Info: Redefining \bigg on input line 724.
LaTeX Info: Redefining \Bigg on input line 725.
\big@size=\dimen151
LaTeX Font Info:    Redeclaring font encoding OML on input line 743.
LaTeX Font Info:    Redeclaring font encoding OMS on input line 744.
\macc@depth=\count270
LaTeX Info: Redefining \bmod on input line 905.
LaTeX Info: Redefining \pmod on input line 910.
LaTeX Info: Redefining \smash on input line 940.
LaTeX Info: Redefining \relbar on input line 970.
LaTeX Info: Redefining \Relbar on input line 971.
\c@MaxMatrixCols=\count271
\dotsspace@=\muskip16
\c@parentequation=\count272
\dspbrk@lvl=\count273
\tag@help=\toks21
\row@=\count274
\column@=\count275
\maxfields@=\count276
\andhelp@=\toks22
\eqnshift@=\dimen152
\alignsep@=\dimen153
\tagshift@=\dimen154
\tagwidth@=\dimen155
\totwidth@=\dimen156
\lineht@=\dimen157
\@envbody=\toks23
\multlinegap=\skip51
\multlinetaggap=\skip52
\mathdisplay@stack=\toks24
LaTeX Info: Redefining \[ on input line 2953.
LaTeX Info: Redefining \] on input line 2954.
)) (/usr/share/texmf-dist/tex/latex/l3backend/l3backend-pdftex.def
File: l3backend-pdftex.def 2024-02-20 L3 backend support: PDF output (pdfTeX)
\l__color_backend_stack_int=\count277
\l__pdf_internal_box=\box53
) (./problemset_iterativeapproach.aux)
\openout1 = `problemset_iterativeapproach.aux'.

LaTeX Font Info:    Checking defaults for OML/cmm/m/it on input line 13.
LaTeX Font Info:    ... okay on input line 13.
LaTeX Font Info:    Checking defaults for OMS/cmsy/m/n on input line 13.
LaTeX Font Info:    ... okay on input line 13.
LaTeX Font Info:    Checking defaults for OT1/cmr/m/n on input line 13.
LaTeX Font Info:    ... okay on input line 13.
LaTeX Font Info:    Checking defaults for T1/cmr/m/n on input line 13.
LaTeX Font Info:    ... okay on input line 13.
LaTeX Font Info:    Checking defaults for TS1/cmr/m/n on input line 13.
LaTeX Font Info:    ... okay on input line 13.
LaTeX Font Info:    Checking defaults for OMX/cmex/m/n on input line 13.
LaTeX Font Info:    ... okay on input line 13.
LaTeX Font Info:    Checking defaults for U/cmr/m/n on input line 13.
LaTeX Font Info:    ... okay on input line 13.

*geometry* driver: auto-detecting
*geometry* detected driver: pdftex
*geometry* verbose mode - [ preamble ] result:
* driver: pdftex
* paper: <default>
* layout: <same size as paper>
* layoutoffset:(h,v)=(0.0pt,0.0pt)
* modes: 
* h-part:(L,W,R)=(92.14519pt, 430.00462pt, 92.14519pt)
* v-part:(T,H,B)=(95.39737pt, 556.47656pt, 143.09605pt)
* \paperwidth=614.295pt
* \paperheight=794.96999pt
* \textwidth=430.00462pt
* \textheight=556.47656pt
* \oddsidemargin=19.8752pt
* \evensidemargin=19.8752pt
* \topmargin=-13.87262pt
* \headheight=12.0pt
* \headsep=25.0pt
* \topskip=10.0pt
* \footskip=30.0pt
* \marginparwidth=65.0pt
* \marginparsep=11.0pt
* \columnsep=10.0pt
* \skip\footins=9.0pt plus 4.0pt minus 2.0pt
* \hoffset=0.0pt
* \voffset=0.0pt
* \mag=1000
* \@twocolumnfalse
* \@twosidefalse
* \@mparswitchfalse
* \@reversemarginfalse
* (1in=72.27pt=25.4mm, 1cm=28.453pt)

[1

{/var/lib/texmf/fonts/map/pdftex/updmap/pdftex.map}]
LaTeX Font Info:    Trying to load font information for U+msa on input line 80.
 (/usr/share/texmf-dist/tex/latex/amsfonts/umsa.fd
File: umsa.fd 2013/01/14 v3.01 AMS symbols A
)
LaTeX Font Info:    Trying to load font information for U+msb on input line 80.
 (/usr/share/texmf-dist/tex/latex/amsfonts/umsb.fd
File: umsb.fd 2013/01/14 v3.01 AMS symbols B
) [2{/usr/share/texmf-dist/fonts/enc/dvips/cm-super/cm-super-ts1.enc}] [3] [4] [5] [6] [7] [8]
Overfull \hbox (91.41159pt too wide) in paragraph at lines 465--466
[]\OT1/cmr/bx/n/10 Question: \OT1/cmr/m/n/10 True or False: The deriva-tive of a vector-valued func-tion r(t) is de-fined as r'(t)=lim$^^A$t\TS1/cmr/m/n/10 ^^Y\OT1/cmr/m/n/10 0r(t+$^^A$t)$\OMS/cmsy/m/n/10 ^^@$\OT1/cmr/m/n/10 r(t)$^^A$t,
 []

[9] [10]
Overfull \hbox (16.66191pt too wide) in paragraph at lines 541--542
[]\OT1/cmr/bx/n/10 Question: \OT1/cmr/m/n/10 Is it true that the bi-nor-mal vec-tor at t is de-fined as T(t)\TS1/cmr/m/n/10 Ö\OT1/cmr/m/n/10 N(t), where N(t)=T'(t)$\OMS/cmsy/m/n/10 k$\OT1/cmr/m/n/10 T'(t)$\OMS/cmsy/m/n/10 k$\OT1/cmr/m/n/10 ? 
 []

[11]
LaTeX Font Info:    Trying to load font information for OMS+cmr on input line 621.
 (/usr/share/texmf-dist/tex/latex/base/omscmr.fd
File: omscmr.fd 2023/04/13 v2.5m Standard LaTeX font definitions
)
LaTeX Font Info:    Font shape `OMS/cmr/m/n' in size <10> not available
(Font)              Font shape `OMS/cmsy/m/n' tried instead on input line 621.
 [12] [13] [14] [15] [16]
Overfull \hbox (8.69086pt too wide) in paragraph at lines 815--816
[]\OT1/cmr/m/n/10 The dif-fer-en-tial dz of z=f(x,y) at (x0,y0) in-deed fol-lows the def-i-ni-tion dz=fx(x0,y0)dx+fy(x0,y0)dy.
 []

[17]
Overfull \hbox (58.30687pt too wide) in paragraph at lines 888--889
\OT1/cmr/m/n/10 cos$\OML/cmm/m/it/10 $\OT1/cmr/m/n/10 i + cos$\OML/cmm/m/it/10 ^^L$\OT1/cmr/m/n/10 j + cos$\OML/cmm/m/it/10 ^^M$\OT1/cmr/m/n/10 k given by the for-mula Duf(x0,y0,z0)=limt\TS1/cmr/m/n/10 ^^Y\OT1/cmr/m/n/10 0f(x0+tcos$\OML/cmm/m/it/10 $\OT1/cmr/m/n/10 ,y0+tcos$\OML/cmm/m/it/10 ^^L$\OT1/cmr/m/n/10 ,z0+tcos$\OML/cmm/m/it/10 ^^M$\OT1/cmr/m/n/10 )$\OMS/cmsy/m/n/10 ^^@$\OT1/cmr/m/n/10 f(x0,y0,z0)t? 
 []

[18] [19] [20] [21] [22] [23] [24] [25]
Overfull \hbox (7.55168pt too wide) in paragraph at lines 1264--1265
[]\OT1/cmr/m/n/10 Similarly, in $\U/msb/m/n/10 R$\OT1/cmr/m/n/10 3 (three-dimensional space), a vec-tor field is de-fined by as-sign-ing a three-dimensional
 []

[26] [27]
Overfull \hbox (20.54459pt too wide) in paragraph at lines 1378--1379
[]\OT1/cmr/bx/n/10 Question: \OT1/cmr/m/n/10 Is the di-ver-gence of a vec-tor field F in $\U/msb/m/n/10 R$\OT1/cmr/m/n/10 3$\U/msb/m/n/10 R$\OT1/cmr/m/n/10 3 de-fined as Px+Qy+Rz=$\OML/cmm/m/it/10 @$\OT1/cmr/m/n/10 P$\OML/cmm/m/it/10 @$\OT1/cmr/m/n/10 x+$\OML/cmm/m/it/10 @$\OT1/cmr/m/n/10 Q$\OML/cmm/m/it/10 @$\OT1/cmr/m/n/10 y+$\OML/cmm/m/it/10 @$\OT1/cmr/m/n/10 R$\OML/cmm/m/it/10 @$\OT1/cmr/m/n/10 z? 
 []

[28] [29] [30] [31]
Overfull \hbox (11.63615pt too wide) in paragraph at lines 1534--1535
[]\OT1/cmr/bx/n/10 Question: \OT1/cmr/m/n/10 The char-ac-ter-is-tic equa-tion of the dif-fer-en-tial equa-tion ay''+by'+cy=0 is a$\OML/cmm/m/it/10 ^^U$\OT1/cmr/m/n/10 2+b$\OML/cmm/m/it/10 ^^U$\OT1/cmr/m/n/10 +c=0.
 []

[32] (./problemset_iterativeapproach.aux)
 ***********
LaTeX2e <2023-11-01> patch level 1
L3 programming layer <2024-02-20>
 ***********
 ) 
Here is how much of TeX's memory you used:
 2011 strings out of 476076
 30173 string characters out of 5793775
 1936187 words of memory out of 5000000
 24137 multiletter control sequences out of 15000+600000
 560718 words of font info for 47 fonts, out of 8000000 for 9000
 14 hyphenation exceptions out of 8191
 71i,6n,79p,809b,151s stack positions out of 10000i,1000n,20000p,200000b,200000s
</usr/share/texmf-dist/fonts/type1/public/amsfonts/cm/cmbx10.pfb></usr/share/texmf-dist/fonts/type1/public/amsfonts/cm/cmbx12.pfb></usr/share/texmf-dist/fonts/type1/public/amsfonts/cm/cmex10.pfb></usr/share/texmf-dist/fonts/type1/public/amsfonts/cm/cmmi10.pfb></usr/share/texmf-dist/fonts/type1/public/amsfonts/cm/cmr10.pfb></usr/share/texmf-dist/fonts/type1/public/amsfonts/cm/cmsy10.pfb></usr/share/texmf-dist/fonts/type1/public/amsfonts/symbols/msbm10.pfb></usr/share/texmf-dist/fonts/type1/public/cm-super/sfrm1000.pfb>
Output written on problemset_iterativeapproach.pdf (32 pages, 184557 bytes).
PDF statistics:
 148 PDF objects out of 1000 (max. 8388607)
 97 compressed objects within 1 object stream
 0 named destinations out of 1000 (max. 500000)
 1 words of extra memory for PDF output out of 10000 (max. 10000000)

